{"/Users/kierangoodacre/Projects/london_gents/spec/mapSpec.js":{"path":"/Users/kierangoodacre/Projects/london_gents/spec/mapSpec.js","s":{"1":1,"2":1,"3":1,"4":1,"5":0,"6":1,"7":1,"8":1,"9":0,"10":1},"b":{"1":[0,1],"2":[0,1]},"f":{"1":1,"2":1},"fnMap":{"1":{"name":"(anonymous_1)","line":9,"loc":{"start":{"line":9,"column":6},"end":{"line":9,"column":30}}},"2":{"name":"(anonymous_2)","line":22,"loc":{"start":{"line":22,"column":6},"end":{"line":22,"column":30}}}},"statementMap":{"1":{"start":{"line":1,"column":0},"end":{"line":1,"column":31}},"2":{"start":{"line":2,"column":0},"end":{"line":2,"column":17}},"3":{"start":{"line":4,"column":0},"end":{"line":15,"column":4}},"4":{"start":{"line":10,"column":2},"end":{"line":14,"column":3}},"5":{"start":{"line":11,"column":3},"end":{"line":11,"column":12}},"6":{"start":{"line":13,"column":3},"end":{"line":13,"column":67}},"7":{"start":{"line":17,"column":0},"end":{"line":28,"column":4}},"8":{"start":{"line":23,"column":2},"end":{"line":27,"column":3}},"9":{"start":{"line":24,"column":3},"end":{"line":24,"column":12}},"10":{"start":{"line":26,"column":3},"end":{"line":26,"column":71}}},"branchMap":{"1":{"line":10,"type":"if","locations":[{"start":{"line":10,"column":2},"end":{"line":10,"column":2}},{"start":{"line":10,"column":2},"end":{"line":10,"column":2}}]},"2":{"line":23,"type":"if","locations":[{"start":{"line":23,"column":2},"end":{"line":23,"column":2}},{"start":{"line":23,"column":2},"end":{"line":23,"column":2}}]}}}}